<?xml version="1.0" encoding="UTF-8"?>
<!-- Generated by org.testng.reporters.JUnitXMLReporter -->
<testsuite ignored="0" hostname="DESKTOP-3H7ICRB" failures="0" tests="3" name="Default test" time="19.322" errors="0" timestamp="2024-05-10T19:42:00 IST">
  <testcase classname="Mytests.gurutest" name="Login" time="1.674"/>
  <testcase classname="Mytests.gurutest" name="NewCustomer" time="5.08"/>
  <testcase classname="Mytests.gurutest" name="EditCustomer" time="3.691"/>
</testsuite> <!-- Default test -->
