<?xml version="1.0" encoding="UTF-8"?>
<testng-results ignored="0" total="3" passed="3" failed="0" skipped="0">
  <reporter-output>
  </reporter-output>
  <suite started-at="2024-05-25T13:38:47 IST" name="Suite" finished-at="2024-05-25T13:40:24 IST" duration-ms="97298">
    <groups>
    </groups>
    <test started-at="2024-05-25T13:38:47 IST" name="Test" finished-at="2024-05-25T13:40:24 IST" duration-ms="97298">
      <class name="Mytests.gurutest">
        <test-method is-config="true" signature="setup()[pri:0, instance:Mytests.gurutest@4fb0f2b9]" started-at="2024-05-25T13:38:47 IST" name="setup" finished-at="2024-05-25T13:39:20 IST" duration-ms="32309" status="PASS">
          <reporter-output>
          </reporter-output>
        </test-method> <!-- setup -->
        <test-method signature="Login()[pri:0, instance:Mytests.gurutest@4fb0f2b9]" started-at="2024-05-25T13:39:20 IST" name="Login" finished-at="2024-05-25T13:39:43 IST" duration-ms="22903" status="PASS">
          <reporter-output>
          </reporter-output>
        </test-method> <!-- Login -->
        <test-method signature="NewCustomer()[pri:1, instance:Mytests.gurutest@4fb0f2b9]" started-at="2024-05-25T13:39:43 IST" name="NewCustomer" finished-at="2024-05-25T13:40:01 IST" duration-ms="18429" status="PASS">
          <reporter-output>
          </reporter-output>
        </test-method> <!-- NewCustomer -->
        <test-method signature="EditCustomer()[pri:2, instance:Mytests.gurutest@4fb0f2b9]" started-at="2024-05-25T13:40:01 IST" name="EditCustomer" finished-at="2024-05-25T13:40:22 IST" duration-ms="20748" status="PASS">
          <reporter-output>
          </reporter-output>
        </test-method> <!-- EditCustomer -->
        <test-method is-config="true" signature="Teardown()[pri:0, instance:Mytests.gurutest@4fb0f2b9]" started-at="2024-05-25T13:40:22 IST" name="Teardown" finished-at="2024-05-25T13:40:24 IST" duration-ms="2136" status="PASS">
          <reporter-output>
          </reporter-output>
        </test-method> <!-- Teardown -->
      </class> <!-- Mytests.gurutest -->
    </test> <!-- Test -->
  </suite> <!-- Suite -->
</testng-results>
