<?xml version="1.0" encoding="UTF-8"?>
<testng-results ignored="0" total="3" passed="3" failed="0" skipped="0">
  <reporter-output>
  </reporter-output>
  <suite started-at="2024-05-25T13:28:09 IST" name="Suite" finished-at="2024-05-25T13:28:31 IST" duration-ms="22614">
    <groups>
    </groups>
    <test started-at="2024-05-25T13:28:09 IST" name="Test" finished-at="2024-05-25T13:28:31 IST" duration-ms="22614">
      <class name="Mytests.gurutest">
        <test-method is-config="true" signature="setup()[pri:0, instance:Mytests.gurutest@4466af20]" started-at="2024-05-25T13:28:10 IST" name="setup" finished-at="2024-05-25T13:28:18 IST" duration-ms="8048" status="PASS">
          <reporter-output>
          </reporter-output>
        </test-method> <!-- setup -->
        <test-method signature="Login()[pri:0, instance:Mytests.gurutest@4466af20]" started-at="2024-05-25T13:28:18 IST" name="Login" finished-at="2024-05-25T13:28:22 IST" duration-ms="3671" status="PASS">
          <reporter-output>
          </reporter-output>
        </test-method> <!-- Login -->
        <test-method signature="NewCustomer()[pri:1, instance:Mytests.gurutest@4466af20]" started-at="2024-05-25T13:28:22 IST" name="NewCustomer" finished-at="2024-05-25T13:28:27 IST" duration-ms="4832" status="PASS">
          <reporter-output>
          </reporter-output>
        </test-method> <!-- NewCustomer -->
        <test-method signature="EditCustomer()[pri:2, instance:Mytests.gurutest@4466af20]" started-at="2024-05-25T13:28:27 IST" name="EditCustomer" finished-at="2024-05-25T13:28:31 IST" duration-ms="4280" status="PASS">
          <reporter-output>
          </reporter-output>
        </test-method> <!-- EditCustomer -->
        <test-method is-config="true" signature="Teardown()[pri:0, instance:Mytests.gurutest@4466af20]" started-at="2024-05-25T13:28:31 IST" name="Teardown" finished-at="2024-05-25T13:28:31 IST" duration-ms="532" status="PASS">
          <reporter-output>
          </reporter-output>
        </test-method> <!-- Teardown -->
      </class> <!-- Mytests.gurutest -->
    </test> <!-- Test -->
  </suite> <!-- Suite -->
</testng-results>
